Cocos2d: 
<dict>
	cocos2d.x.version: 2.2.1
	cocos2d.x.compiled_with_profiler: false
	cocos2d.x.compiled_with_gl_state_cache: true
	gl.vendor: Intel Inc.
	gl.renderer: Intel Iris OpenGL Engine
	gl.version: 2.1 INTEL-8.24.11
	gl.max_texture_size: 16384
	gl.max_texture_units: 16
	gl.supports_PVRTC: false
	gl.supports_NPOT: true
	gl.supports_BGRA8888: false
	gl.supports_discard_framebuffer: false
	gl.supports_vertex_array_object: true
</dict>
Cocos2d: lua_loadChunksFromZIP() - load zip file: /Users/jayson/Documents/git/quick-cocos2d-x/lib/framework_precompiled/framework_precompiled.zip
Cocos2d: lua_loadChunksFromZIP() - loaded chunks count: 54
Cocos2d: ------------------------------------------------
Cocos2d: LOAD LUA FILE: /Users/jayson/Documents/git/poker/scripts/main.lua
Cocos2d: ------------------------------------------------
Cocos2d: [LUA ERROR] load "/Users/jayson/Documents/git/poker/scripts/app/PokerApp.lua", error: syntax error during pre-compilation.
Cocos2d: [LUA ERROR] error loading module 'app.PokerApp' from file '/Users/jayson/Documents/git/poker/scripts/app/PokerApp.lua':
	/Users/jayson/Documents/git/poker/scripts/app/PokerApp.lua:20: ')' expected near '}'
